<?xml version="1.0" encoding="UTF-8"?>
<testsuite xmlns:xsi="http://www.w3.org/2001/XMLSchema-instance" xsi:noNamespaceSchemaLocation="https://maven.apache.org/surefire/maven-surefire-plugin/xsd/surefire-test-report.xsd" name="br.ce.wcaquino.servicos.CalculoValorLocacaoTest" time="0.314" tests="6" errors="0" skipped="0" failures="0">
  <properties>
    <property name="sun.desktop" value="windows"/>
    <property name="awt.toolkit" value="sun.awt.windows.WToolkit"/>
    <property name="file.encoding.pkg" value="sun.io"/>
    <property name="java.specification.version" value="1.8"/>
    <property name="sun.cpu.isalist" value="amd64"/>
    <property name="sun.jnu.encoding" value="Cp1252"/>
    <property name="java.class.path" value="C:\DevJava\Projetos\workspace\Testes_Unitarios\target\test-classes;C:\DevJava\Projetos\workspace\Testes_Unitarios\target\classes;C:\DevJAVA\.m2\repository\junit\junit\4.12\junit-4.12.jar;C:\DevJAVA\.m2\repository\org\hamcrest\hamcrest-core\1.3\hamcrest-core-1.3.jar;C:\DevJAVA\.m2\repository\org\mockito\mockito-all\1.10.19\mockito-all-1.10.19.jar;C:\DevJAVA\.m2\repository\org\powermock\powermock-api-mockito\1.6.6\powermock-api-mockito-1.6.6.jar;C:\DevJAVA\.m2\repository\org\mockito\mockito-core\1.10.19\mockito-core-1.10.19.jar;C:\DevJAVA\.m2\repository\org\objenesis\objenesis\2.1\objenesis-2.1.jar;C:\DevJAVA\.m2\repository\org\powermock\powermock-api-mockito-common\1.6.6\powermock-api-mockito-common-1.6.6.jar;C:\DevJAVA\.m2\repository\org\powermock\powermock-api-support\1.6.6\powermock-api-support-1.6.6.jar;C:\DevJAVA\.m2\repository\org\powermock\powermock-module-junit4\1.6.6\powermock-module-junit4-1.6.6.jar;C:\DevJAVA\.m2\repository\org\powermock\powermock-module-junit4-common\1.6.6\powermock-module-junit4-common-1.6.6.jar;C:\DevJAVA\.m2\repository\org\powermock\powermock-core\1.6.6\powermock-core-1.6.6.jar;C:\DevJAVA\.m2\repository\org\javassist\javassist\3.21.0-GA\javassist-3.21.0-GA.jar;C:\DevJAVA\.m2\repository\org\powermock\powermock-reflect\1.6.6\powermock-reflect-1.6.6.jar;"/>
    <property name="java.vm.vendor" value="Oracle Corporation"/>
    <property name="sun.arch.data.model" value="64"/>
    <property name="user.variant" value=""/>
    <property name="java.vendor.url" value="http://java.oracle.com/"/>
    <property name="user.timezone" value="GMT-03:00"/>
    <property name="java.vm.specification.version" value="1.8"/>
    <property name="os.name" value="Windows 8.1"/>
    <property name="user.country" value="BR"/>
    <property name="sun.java.launcher" value="SUN_STANDARD"/>
    <property name="sun.boot.library.path" value="C:\Program Files\Java\jdk1.8.0_131\jre\bin"/>
    <property name="sun.java.command" value="C:\Users\JOS~1\AppData\Local\Temp\surefire3185603419625650552\surefirebooter1721615114954672797.jar C:\Users\José\AppData\Local\Temp\surefire3185603419625650552 2018-03-07T19-01-22_377-jvmRun1 surefire8436581152876434934tmp surefire_0758019524636055167tmp"/>
    <property name="surefire.test.class.path" value="C:\DevJava\Projetos\workspace\Testes_Unitarios\target\test-classes;C:\DevJava\Projetos\workspace\Testes_Unitarios\target\classes;C:\DevJAVA\.m2\repository\junit\junit\4.12\junit-4.12.jar;C:\DevJAVA\.m2\repository\org\hamcrest\hamcrest-core\1.3\hamcrest-core-1.3.jar;C:\DevJAVA\.m2\repository\org\mockito\mockito-all\1.10.19\mockito-all-1.10.19.jar;C:\DevJAVA\.m2\repository\org\powermock\powermock-api-mockito\1.6.6\powermock-api-mockito-1.6.6.jar;C:\DevJAVA\.m2\repository\org\mockito\mockito-core\1.10.19\mockito-core-1.10.19.jar;C:\DevJAVA\.m2\repository\org\objenesis\objenesis\2.1\objenesis-2.1.jar;C:\DevJAVA\.m2\repository\org\powermock\powermock-api-mockito-common\1.6.6\powermock-api-mockito-common-1.6.6.jar;C:\DevJAVA\.m2\repository\org\powermock\powermock-api-support\1.6.6\powermock-api-support-1.6.6.jar;C:\DevJAVA\.m2\repository\org\powermock\powermock-module-junit4\1.6.6\powermock-module-junit4-1.6.6.jar;C:\DevJAVA\.m2\repository\org\powermock\powermock-module-junit4-common\1.6.6\powermock-module-junit4-common-1.6.6.jar;C:\DevJAVA\.m2\repository\org\powermock\powermock-core\1.6.6\powermock-core-1.6.6.jar;C:\DevJAVA\.m2\repository\org\javassist\javassist\3.21.0-GA\javassist-3.21.0-GA.jar;C:\DevJAVA\.m2\repository\org\powermock\powermock-reflect\1.6.6\powermock-reflect-1.6.6.jar;"/>
    <property name="sun.cpu.endian" value="little"/>
    <property name="user.home" value="C:\Users\José"/>
    <property name="user.language" value="pt"/>
    <property name="java.specification.vendor" value="Oracle Corporation"/>
    <property name="java.home" value="C:\Program Files\Java\jdk1.8.0_131\jre"/>
    <property name="basedir" value="C:\DevJava\Projetos\workspace\Testes_Unitarios"/>
    <property name="file.separator" value="\"/>
    <property name="line.separator" value="&#10;"/>
    <property name="java.vm.specification.vendor" value="Oracle Corporation"/>
    <property name="java.specification.name" value="Java Platform API Specification"/>
    <property name="java.awt.graphicsenv" value="sun.awt.Win32GraphicsEnvironment"/>
    <property name="surefire.real.class.path" value="C:\Users\JOS~1\AppData\Local\Temp\surefire3185603419625650552\surefirebooter1721615114954672797.jar"/>
    <property name="sun.boot.class.path" value="C:\Program Files\Java\jdk1.8.0_131\jre\lib\resources.jar;C:\Program Files\Java\jdk1.8.0_131\jre\lib\rt.jar;C:\Program Files\Java\jdk1.8.0_131\jre\lib\sunrsasign.jar;C:\Program Files\Java\jdk1.8.0_131\jre\lib\jsse.jar;C:\Program Files\Java\jdk1.8.0_131\jre\lib\jce.jar;C:\Program Files\Java\jdk1.8.0_131\jre\lib\charsets.jar;C:\Program Files\Java\jdk1.8.0_131\jre\lib\jfr.jar;C:\Program Files\Java\jdk1.8.0_131\jre\classes"/>
    <property name="user.script" value=""/>
    <property name="sun.management.compiler" value="HotSpot 64-Bit Tiered Compilers"/>
    <property name="java.runtime.version" value="1.8.0_131-b11"/>
    <property name="user.name" value="José"/>
    <property name="path.separator" value=";"/>
    <property name="os.version" value="6.3"/>
    <property name="java.endorsed.dirs" value="C:\Program Files\Java\jdk1.8.0_131\jre\lib\endorsed"/>
    <property name="java.runtime.name" value="Java(TM) SE Runtime Environment"/>
    <property name="file.encoding" value="Cp1252"/>
    <property name="java.vm.name" value="Java HotSpot(TM) 64-Bit Server VM"/>
    <property name="localRepository" value="C:\DevJAVA\.m2\repository"/>
    <property name="java.vendor.url.bug" value="http://bugreport.sun.com/bugreport/"/>
    <property name="java.io.tmpdir" value="C:\Users\JOS~1\AppData\Local\Temp\"/>
    <property name="java.version" value="1.8.0_131"/>
    <property name="user.dir" value="C:\DevJava\Projetos\workspace\Testes_Unitarios"/>
    <property name="os.arch" value="amd64"/>
    <property name="java.vm.specification.name" value="Java Virtual Machine Specification"/>
    <property name="java.awt.printerjob" value="sun.awt.windows.WPrinterJob"/>
    <property name="sun.os.patch.level" value=""/>
    <property name="java.library.path" value="C:\Program Files\Java\jdk1.8.0_131\jre\bin;C:\Windows\Sun\Java\bin;C:\Windows\system32;C:\Windows;C:/Program Files/Java/jre1.8.0_161/bin/server;C:/Program Files/Java/jre1.8.0_161/bin;C:/Program Files/Java/jre1.8.0_161/lib/amd64;C:\ProgramData\Oracle\Java\javapath;C:\Windows\system32;C:\Windows;C:\Windows\System32\Wbem;C:\Windows\System32\WindowsPowerShell\v1.0\;C:\Program Files (x86)\Skype\Phone\;C:\Program Files\Java\jdk1.8.0_131\\bin;C:\DevJava\xampp\mysql\bin;C:\Program Files\dotnet\;C:\Program Files\nodejs\;C:\Program Files (x86)\Intel\OpenCL SDK\2.0\bin\x86;C:\Program Files (x86)\Intel\OpenCL SDK\2.0\bin\x64;C:\Users\José\Anaconda3;C:\Users\José\Anaconda3\Library\mingw-w64\bin;C:\Users\José\Anaconda3\Library\usr\bin;C:\Users\José\Anaconda3\Library\bin;C:\Users\José\Anaconda3\Scripts;C:\Users\José\Anaconda3\Library\plugins\platforms;C:\Users\José\Anaconda3\Lib\site-packages;C:\Program Files\Microsoft VS Code\bin;C:\Program Files\Heroku\bin;C:\Users\José\AppData\Roaming\npm;C:\DevJava\eclipse;;."/>
    <property name="java.vm.info" value="mixed mode"/>
    <property name="java.vendor" value="Oracle Corporation"/>
    <property name="java.vm.version" value="25.131-b11"/>
    <property name="java.ext.dirs" value="C:\Program Files\Java\jdk1.8.0_131\jre\lib\ext;C:\Windows\Sun\Java\lib\ext"/>
    <property name="sun.io.unicode.encoding" value="UnicodeLittle"/>
    <property name="java.class.version" value="52.0"/>
  </properties>
  <testcase name="deveCalcularValorLocacaoConsiderandoDescontos[3 filmes: 25%]" classname="br.ce.wcaquino.servicos.CalculoValorLocacaoTest" time="0.314"/>
  <testcase name="deveCalcularValorLocacaoConsiderandoDescontos[7 Filmes: Sem Desconto]" classname="br.ce.wcaquino.servicos.CalculoValorLocacaoTest" time="0.282"/>
  <testcase name="deveCalcularValorLocacaoConsiderandoDescontos[6 filmes: 100%]" classname="br.ce.wcaquino.servicos.CalculoValorLocacaoTest" time="0.282"/>
  <testcase name="deveCalcularValorLocacaoConsiderandoDescontos[5 filmes: 75%]" classname="br.ce.wcaquino.servicos.CalculoValorLocacaoTest" time="0.282"/>
  <testcase name="deveCalcularValorLocacaoConsiderandoDescontos[4 filmes: 50%]" classname="br.ce.wcaquino.servicos.CalculoValorLocacaoTest" time="0.267"/>
  <testcase name="deveCalcularValorLocacaoConsiderandoDescontos[2 Filmes: Sem Desconto]" classname="br.ce.wcaquino.servicos.CalculoValorLocacaoTest" time="0.22"/>
</testsuite>